-------------------------------------------------------------------------------
Test set: com.takeyourpic.backend.BackendApplicationTests
-------------------------------------------------------------------------------
Tests run: 1, Failures: 0, Errors: 1, Skipped: 0, Time elapsed: 4.643 s <<< FAILURE! - in com.takeyourpic.backend.BackendApplicationTests
contextLoads  Time elapsed: 0.001 s  <<< ERROR!
java.lang.IllegalStateException: Failed to load ApplicationContext
Caused by: org.springframework.beans.factory.BeanCreationException: 
Error creating bean with name 'requestMappingHandlerMapping' defined in class path resource [org/springframework/boot/autoconfigure/web/servlet/WebMvcAutoConfiguration$EnableWebMvcConfiguration.class]: Invocation of init method failed; nested exception is java.lang.IllegalStateException: Ambiguous mapping. Cannot map 'userController' method 
com.takeyourpic.backend.controller.UserController#updateUser(Long, User)
to { [/users/{id}]}: There is already 'userController' bean method
com.takeyourpic.backend.controller.UserController#getUser(Long) mapped.
Caused by: java.lang.IllegalStateException: 
Ambiguous mapping. Cannot map 'userController' method 
com.takeyourpic.backend.controller.UserController#updateUser(Long, User)
to { [/users/{id}]}: There is already 'userController' bean method
com.takeyourpic.backend.controller.UserController#getUser(Long) mapped.

